<?xml version="1.0" encoding="UTF-8"?>
<testng-results ignored="0" total="1" passed="1" failed="0" skipped="0">
  <reporter-output>
  </reporter-output>
  <suite started-at="2022-11-14T21:55:29 EST" name="Default suite" finished-at="2022-11-14T21:55:29 EST" duration-ms="42">
    <groups>
    </groups>
    <test started-at="2022-11-14T21:55:29 EST" name="Default test" finished-at="2022-11-14T21:55:29 EST" duration-ms="42">
      <class name="com.utility.TestDemo">
        <test-method signature="test()[pri:0, instance:com.utility.TestDemo@3059cbc]" started-at="2022-11-14T21:55:29 EST" name="test" finished-at="2022-11-14T21:55:29 EST" duration-ms="9" status="PASS">
          <reporter-output>
          </reporter-output>
        </test-method> <!-- test -->
      </class> <!-- com.utility.TestDemo -->
    </test> <!-- Default test -->
  </suite> <!-- Default suite -->
</testng-results>
